<?xml version="1.0" encoding="UTF-8"?>
<!-- Generated by org.testng.reporters.JUnitReportReporter -->
<testsuite hostname="Yuvarajesh" failures="0" tests="1" name="com.demoWebShop.tests.RegisterTest" time="19.334" errors="0" timestamp="2024-11-05T13:39:17 IST" skipped="0">
  <testcase classname="com.demoWebShop.tests.RegisterTest" name="register" time="19.334"/>
  <system-out/>
</testsuite> <!-- com.demoWebShop.tests.RegisterTest -->
