<?xml version="1.0" encoding="UTF-8"?>
<!-- Generated by org.testng.reporters.JUnitReportReporter -->
<testsuite hostname="Yuvarajesh" failures="0" tests="1" name="com.demoWebShop.tests.RegisterTest" time="10.854" errors="0" timestamp="2025-01-13T10:02:47 IST" skipped="0">
  <testcase classname="com.demoWebShop.tests.RegisterTest" name="register" time="10.854"/>
</testsuite> <!-- com.demoWebShop.tests.RegisterTest -->
