<?xml version="1.0" encoding="UTF-8"?>
<!-- Generated by org.testng.reporters.JUnitReportReporter -->
<testsuite hostname="Yuvarajesh" failures="0" tests="1" name="com.demoWebShop.tests.OpenUrl" time="36.583" errors="0" timestamp="2024-11-03T18:47:45 IST" skipped="0">
  <testcase classname="com.demoWebShop.tests.OpenUrl" name="openUrl" time="36.583"/>
  <system-out/>
</testsuite> <!-- com.demoWebShop.tests.OpenUrl -->
